<?xml version="1.0" encoding="UTF-8"?>
<!-- Generated by org.testng.reporters.JUnitReportReporter -->
<testsuite skipped="0" hostname="dotnet07-PC" name="thingblu.TestsCasesManager.VerifyAddOrder" tests="37" failures="0" timestamp="30 Jun 2018 09:27:46 GMT" time="716.954" errors="1">
  <testcase name="signInWithValidCredentials" time="18.270" classname="thingblu.TestsCasesManager.VerifyAddOrder"/>
  <testcase name="signInWithValidCredentials" time="19.579" classname="thingblu.TestsCasesManager.VerifyAddOrder"/>
  <testcase name="signInWithValidCredentials" time="18.961" classname="thingblu.TestsCasesManager.VerifyAddOrder"/>
  <testcase name="signInWithValidCredentials" time="17.694" classname="thingblu.TestsCasesManager.VerifyAddOrder"/>
  <testcase name="signInWithValidCredentials" time="18.762" classname="thingblu.TestsCasesManager.VerifyAddOrder"/>
  <testcase name="signInWithValidCredentials" time="20.142" classname="thingblu.TestsCasesManager.VerifyAddOrder"/>
  <testcase name="signInWithValidCredentials" time="19.507" classname="thingblu.TestsCasesManager.VerifyAddOrder"/>
  <testcase name="signInWithValidCredentials" time="19.370" classname="thingblu.TestsCasesManager.VerifyAddOrder"/>
  <testcase name="signInWithValidCredentials" time="18.724" classname="thingblu.TestsCasesManager.VerifyAddOrder"/>
  <testcase name="signInWithValidCredentials" time="20.208" classname="thingblu.TestsCasesManager.VerifyAddOrder"/>
  <testcase name="signInWithValidCredentials" time="19.047" classname="thingblu.TestsCasesManager.VerifyAddOrder"/>
  <testcase name="signInWithValidCredentials" time="19.420" classname="thingblu.TestsCasesManager.VerifyAddOrder"/>
  <testcase name="signInWithValidCredentials" time="17.662" classname="thingblu.TestsCasesManager.VerifyAddOrder"/>
  <testcase name="signInWithValidCredentials" time="19.943" classname="thingblu.TestsCasesManager.VerifyAddOrder"/>
  <testcase name="signInWithValidCredentials" time="20.670" classname="thingblu.TestsCasesManager.VerifyAddOrder"/>
  <testcase name="signInWithValidCredentials" time="18.267" classname="thingblu.TestsCasesManager.VerifyAddOrder"/>
  <testcase name="signInWithValidCredentials" time="18.928" classname="thingblu.TestsCasesManager.VerifyAddOrder"/>
  <testcase name="signInWithValidCredentials" time="17.962" classname="thingblu.TestsCasesManager.VerifyAddOrder"/>
  <testcase name="signInWithValidCredentials" time="20.552" classname="thingblu.TestsCasesManager.VerifyAddOrder"/>
  <testcase name="signInWithValidCredentials" time="17.527" classname="thingblu.TestsCasesManager.VerifyAddOrder"/>
  <testcase name="signInWithValidCredentials" time="20.033" classname="thingblu.TestsCasesManager.VerifyAddOrder"/>
  <testcase name="signInWithValidCredentials" time="18.551" classname="thingblu.TestsCasesManager.VerifyAddOrder"/>
  <testcase name="signInWithValidCredentials" time="19.693" classname="thingblu.TestsCasesManager.VerifyAddOrder"/>
  <testcase name="signInWithValidCredentials" time="18.680" classname="thingblu.TestsCasesManager.VerifyAddOrder"/>
  <testcase name="signInWithValidCredentials" time="18.689" classname="thingblu.TestsCasesManager.VerifyAddOrder"/>
  <testcase name="signInWithValidCredentials" time="19.210" classname="thingblu.TestsCasesManager.VerifyAddOrder"/>
  <testcase name="signInWithValidCredentials" time="19.718" classname="thingblu.TestsCasesManager.VerifyAddOrder"/>
  <testcase name="signInWithValidCredentials" time="19.152" classname="thingblu.TestsCasesManager.VerifyAddOrder"/>
  <testcase name="signInWithValidCredentials" time="19.200" classname="thingblu.TestsCasesManager.VerifyAddOrder"/>
  <testcase name="signInWithValidCredentials" time="19.743" classname="thingblu.TestsCasesManager.VerifyAddOrder"/>
  <testcase name="signInWithValidCredentials" time="18.395" classname="thingblu.TestsCasesManager.VerifyAddOrder"/>
  <testcase name="signInWithValidCredentials" time="18.115" classname="thingblu.TestsCasesManager.VerifyAddOrder"/>
  <testcase name="signInWithValidCredentials" time="19.939" classname="thingblu.TestsCasesManager.VerifyAddOrder"/>
  <testcase name="signInWithValidCredentials" time="19.814" classname="thingblu.TestsCasesManager.VerifyAddOrder"/>
  <testcase name="signInWithValidCredentials" time="30.471" classname="thingblu.TestsCasesManager.VerifyAddOrder">
    <error type="org.openqa.selenium.NoSuchElementException" message="no such element: Unable to locate element: {&quot;method&quot;:&quot;css selector&quot;,&quot;selector&quot;:&quot;div[formarrayname=&#039;cOilItems&#039;]&gt;a&quot;}
  (Session info: chrome=67.0.3396.99)
  (Driver info: chromedriver=2.40.565498 (ea082db3280dd6843ebfb08a625e3eb905c4f5ab),platform=Windows NT 6.1.7601 SP1 x86_64) (WARNING: The server did not provide any stacktrace information)
Command duration or timeout: 0 milliseconds
For documentation on this error, please visit: http://seleniumhq.org/exceptions/no_such_element.html
Build info: version: &#039;3.8.0&#039;, revision: &#039;924c4067df&#039;, time: &#039;2017-11-30T11:20:39.408Z&#039;
System info: host: &#039;DOTNET07-PC&#039;, ip: &#039;192.168.5.61&#039;, os.name: &#039;Windows 7&#039;, os.arch: &#039;amd64&#039;, os.version: &#039;6.1&#039;, java.version: &#039;1.8.0_161&#039;
Driver info: org.openqa.selenium.chrome.ChromeDriver
Capabilities {acceptInsecureCerts: false, acceptSslCerts: false, applicationCacheEnabled: false, browserConnectionEnabled: false, browserName: chrome, chrome: {chromedriverVersion: 2.40.565498 (ea082db3280dd6..., userDataDir: C:\Users\BHARAT~1\AppData\L...}, cssSelectorsEnabled: true, databaseEnabled: false, handlesAlerts: true, hasTouchScreen: false, javascriptEnabled: true, locationContextEnabled: true, mobileEmulationEnabled: false, nativeEvents: true, networkConnectionEnabled: false, pageLoadStrategy: normal, platform: XP, platformName: XP, rotatable: false, setWindowRect: true, takesHeapSnapshot: true, takesScreenshot: true, unexpectedAlertBehaviour: , unhandledPromptBehavior: , version: 67.0.3396.99, webStorageEnabled: true}
Session ID: f95b85d260b6dc766c5045c3e7e98e82
*** Element info: {Using=css selector, value=div[formarrayname=&#039;cOilItems&#039;]&gt;a}">
      <![CDATA[org.openqa.selenium.NoSuchElementException: no such element: Unable to locate element: {"method":"css selector","selector":"div[formarrayname='cOilItems']>a"}
  (Session info: chrome=67.0.3396.99)
  (Driver info: chromedriver=2.40.565498 (ea082db3280dd6843ebfb08a625e3eb905c4f5ab),platform=Windows NT 6.1.7601 SP1 x86_64) (WARNING: The server did not provide any stacktrace information)
Command duration or timeout: 0 milliseconds
For documentation on this error, please visit: http://seleniumhq.org/exceptions/no_such_element.html
Build info: version: '3.8.0', revision: '924c4067df', time: '2017-11-30T11:20:39.408Z'
System info: host: 'DOTNET07-PC', ip: '192.168.5.61', os.name: 'Windows 7', os.arch: 'amd64', os.version: '6.1', java.version: '1.8.0_161'
Driver info: org.openqa.selenium.chrome.ChromeDriver
Capabilities {acceptInsecureCerts: false, acceptSslCerts: false, applicationCacheEnabled: false, browserConnectionEnabled: false, browserName: chrome, chrome: {chromedriverVersion: 2.40.565498 (ea082db3280dd6..., userDataDir: C:\Users\BHARAT~1\AppData\L...}, cssSelectorsEnabled: true, databaseEnabled: false, handlesAlerts: true, hasTouchScreen: false, javascriptEnabled: true, locationContextEnabled: true, mobileEmulationEnabled: false, nativeEvents: true, networkConnectionEnabled: false, pageLoadStrategy: normal, platform: XP, platformName: XP, rotatable: false, setWindowRect: true, takesHeapSnapshot: true, takesScreenshot: true, unexpectedAlertBehaviour: , unhandledPromptBehavior: , version: 67.0.3396.99, webStorageEnabled: true}
Session ID: f95b85d260b6dc766c5045c3e7e98e82
*** Element info: {Using=css selector, value=div[formarrayname='cOilItems']>a}
	at sun.reflect.NativeConstructorAccessorImpl.newInstance0(Native Method)
	at sun.reflect.NativeConstructorAccessorImpl.newInstance(NativeConstructorAccessorImpl.java:62)
	at sun.reflect.DelegatingConstructorAccessorImpl.newInstance(DelegatingConstructorAccessorImpl.java:45)
	at java.lang.reflect.Constructor.newInstance(Constructor.java:423)
	at org.openqa.selenium.remote.ErrorHandler.createThrowable(ErrorHandler.java:214)
	at org.openqa.selenium.remote.ErrorHandler.throwIfResponseFailed(ErrorHandler.java:166)
	at org.openqa.selenium.remote.http.JsonHttpResponseCodec.reconstructValue(JsonHttpResponseCodec.java:40)
	at org.openqa.selenium.remote.http.AbstractHttpResponseCodec.decode(AbstractHttpResponseCodec.java:80)
	at org.openqa.selenium.remote.http.AbstractHttpResponseCodec.decode(AbstractHttpResponseCodec.java:44)
	at org.openqa.selenium.remote.HttpCommandExecutor.execute(HttpCommandExecutor.java:164)
	at org.openqa.selenium.remote.service.DriverCommandExecutor.execute(DriverCommandExecutor.java:83)
	at org.openqa.selenium.remote.RemoteWebDriver.execute(RemoteWebDriver.java:601)
	at org.openqa.selenium.remote.RemoteWebDriver.findElement(RemoteWebDriver.java:371)
	at org.openqa.selenium.remote.RemoteWebDriver.findElementByCssSelector(RemoteWebDriver.java:465)
	at org.openqa.selenium.By$ByCssSelector.findElement(By.java:430)
	at org.openqa.selenium.remote.RemoteWebDriver.findElement(RemoteWebDriver.java:363)
	at org.openqa.selenium.support.pagefactory.DefaultElementLocator.findElement(DefaultElementLocator.java:69)
	at org.openqa.selenium.support.pagefactory.internal.LocatingElementHandler.invoke(LocatingElementHandler.java:38)
	at com.sun.proxy.$Proxy8.click(Unknown Source)
	at thingblu.core.BasePage.click(BasePage.java:31)
	at thingblu.pages.OrderEntryForm.clickOnOilPlusIcon(OrderEntryForm.java:83)
	at thingblu.TestsCasesManager.VerifyAddOrder.signInWithValidCredentials(VerifyAddOrder.java:48)
	at sun.reflect.GeneratedMethodAccessor6.invoke(Unknown Source)
	at sun.reflect.DelegatingMethodAccessorImpl.invoke(DelegatingMethodAccessorImpl.java:43)
	at java.lang.reflect.Method.invoke(Method.java:498)
	at org.testng.internal.MethodInvocationHelper.invokeMethod(MethodInvocationHelper.java:108)
	at org.testng.internal.Invoker.invokeMethod(Invoker.java:661)
	at org.testng.internal.Invoker.invokeTestMethod(Invoker.java:869)
	at org.testng.internal.Invoker.invokeTestMethods(Invoker.java:1193)
	at org.testng.internal.TestMethodWorker.invokeTestMethods(TestMethodWorker.java:126)
	at org.testng.internal.TestMethodWorker.run(TestMethodWorker.java:109)
	at org.testng.TestRunner.privateRun(TestRunner.java:744)
	at org.testng.TestRunner.run(TestRunner.java:602)
	at org.testng.SuiteRunner.runTest(SuiteRunner.java:380)
	at org.testng.SuiteRunner.runSequentially(SuiteRunner.java:375)
	at org.testng.SuiteRunner.privateRun(SuiteRunner.java:340)
	at org.testng.SuiteRunner.run(SuiteRunner.java:289)
	at org.testng.SuiteRunnerWorker.runSuite(SuiteRunnerWorker.java:52)
	at org.testng.SuiteRunnerWorker.run(SuiteRunnerWorker.java:86)
	at org.testng.TestNG.runSuitesSequentially(TestNG.java:1301)
	at org.testng.TestNG.runSuitesLocally(TestNG.java:1226)
	at org.testng.TestNG.runSuites(TestNG.java:1144)
	at org.testng.TestNG.run(TestNG.java:1115)
	at org.testng.remote.AbstractRemoteTestNG.run(AbstractRemoteTestNG.java:114)
	at org.testng.remote.RemoteTestNG.initAndRun(RemoteTestNG.java:251)
	at org.testng.remote.RemoteTestNG.main(RemoteTestNG.java:77)
]]>
    </error>
  </testcase> <!-- signInWithValidCredentials -->
  <testcase name="signInWithValidCredentials" time="18.243" classname="thingblu.TestsCasesManager.VerifyAddOrder"/>
  <testcase name="signInWithValidCredentials" time="18.113" classname="thingblu.TestsCasesManager.VerifyAddOrder"/>
</testsuite> <!-- thingblu.TestsCasesManager.VerifyAddOrder -->
